<?xml version="1.0" encoding="UTF-8"?>
<testng-results skipped="0" failed="0" total="4" passed="4">
  <reporter-output>
  </reporter-output>
  <suite name="Default suite" duration-ms="374" started-at="2014-07-01T10:37:17Z" finished-at="2014-07-01T10:37:18Z">
    <groups>
    </groups>
    <test name="Default test" duration-ms="374" started-at="2014-07-01T10:37:17Z" finished-at="2014-07-01T10:37:18Z">
      <class name="htw.mae.backend.MapDHIS2Test">
        <test-method status="PASS" signature="testMapAttributes()[pri:0, instance:htw.mae.backend.MapDHIS2Test@d5b561]" name="testMapAttributes" is-config="true" duration-ms="355" started-at="2014-07-01T12:37:17Z" finished-at="2014-07-01T12:37:18Z">
          <reporter-output>
          </reporter-output>
        </test-method> <!-- testMapAttributes -->
        <test-method status="PASS" signature="testMap()[pri:0, instance:htw.mae.backend.MapDHIS2Test@d5b561]" name="testMap" duration-ms="6" started-at="2014-07-01T12:37:18Z" finished-at="2014-07-01T12:37:18Z">
          <reporter-output>
          </reporter-output>
        </test-method> <!-- testMap -->
        <test-method status="PASS" signature="getLatitude()[pri:0, instance:htw.mae.backend.MapDHIS2Test@d5b561]" name="getLatitude" duration-ms="0" started-at="2014-07-01T12:37:18Z" finished-at="2014-07-01T12:37:18Z">
          <reporter-output>
          </reporter-output>
        </test-method> <!-- getLatitude -->
        <test-method status="PASS" signature="getLongitude()[pri:0, instance:htw.mae.backend.MapDHIS2Test@d5b561]" name="getLongitude" duration-ms="1" started-at="2014-07-01T12:37:18Z" finished-at="2014-07-01T12:37:18Z">
          <reporter-output>
          </reporter-output>
        </test-method> <!-- getLongitude -->
        <test-method status="PASS" signature="getZoom()[pri:0, instance:htw.mae.backend.MapDHIS2Test@d5b561]" name="getZoom" duration-ms="1" started-at="2014-07-01T12:37:18Z" finished-at="2014-07-01T12:37:18Z">
          <reporter-output>
          </reporter-output>
        </test-method> <!-- getZoom -->
      </class> <!-- htw.mae.backend.MapDHIS2Test -->
    </test> <!-- Default test -->
  </suite> <!-- Default suite -->
</testng-results>
