<?xml version="1.0" encoding="UTF-8"?>
<testng-results skipped="0" failed="0" total="4" passed="4">
  <reporter-output>
  </reporter-output>
  <suite name="htw.mae.backend.MapDHIS2Test" duration-ms="435" started-at="2014-07-01T12:38:36Z" finished-at="2014-07-01T12:38:37Z">
    <groups>
    </groups>
    <test name="Command line test" duration-ms="435" started-at="2014-07-01T12:38:36Z" finished-at="2014-07-01T12:38:37Z">
      <class name="htw.mae.backend.MapDHIS2Test">
        <test-method status="PASS" signature="testMapAttributes()[pri:0, instance:htw.mae.backend.MapDHIS2Test@661532]" name="testMapAttributes" is-config="true" duration-ms="417" started-at="2014-07-01T12:38:36Z" finished-at="2014-07-01T12:38:37Z">
        </test-method>
        <test-method status="PASS" signature="testMap()[pri:1, instance:htw.mae.backend.MapDHIS2Test@661532]" name="testMap" duration-ms="8" started-at="2014-07-01T12:38:37Z" finished-at="2014-07-01T12:38:37Z">
        </test-method>
        <test-method status="PASS" signature="getLatitude()[pri:2, instance:htw.mae.backend.MapDHIS2Test@661532]" name="getLatitude" duration-ms="0" started-at="2014-07-01T12:38:37Z" finished-at="2014-07-01T12:38:37Z">
        </test-method>
        <test-method status="PASS" signature="getLongitude()[pri:3, instance:htw.mae.backend.MapDHIS2Test@661532]" name="getLongitude" duration-ms="1" started-at="2014-07-01T12:38:37Z" finished-at="2014-07-01T12:38:37Z">
        </test-method>
        <test-method status="PASS" signature="getZoom()[pri:4, instance:htw.mae.backend.MapDHIS2Test@661532]" name="getZoom" duration-ms="0" started-at="2014-07-01T12:38:37Z" finished-at="2014-07-01T12:38:37Z">
        </test-method>
      </class>
    </test>
  </suite>
</testng-results>
